<?xml version="1.0" encoding="UTF-8"?>
<!-- Generated by org.testng.reporters.JUnitReportReporter -->
<testsuite skipped="0" hostname="DESKTOP-7BF33OF" name="com.leafBot.testcases.TC004_EditLead" tests="1" failures="0" timestamp="01 Feb 2020 05:12:10 GMT" time="55.723" errors="0">
  <testcase name="editLead" time="55.723" classname="com.leafBot.testcases.TC004_EditLead"/>
</testsuite> <!-- com.leafBot.testcases.TC004_EditLead -->
