<?xml version="1.0" encoding="UTF-8"?>
<!-- Generated by org.testng.reporters.JUnitReportReporter -->
<testsuite skipped="0" hostname="DESKTOP-7BF33OF" name="com.leafBot.testcases.TC003_CreateLead" tests="2" failures="0" timestamp="01 Feb 2020 05:12:10 GMT" time="84.415" errors="0">
  <testcase name="createLead" time="32.309" classname="com.leafBot.testcases.TC003_CreateLead"/>
  <testcase name="createLead" time="52.106" classname="com.leafBot.testcases.TC003_CreateLead"/>
</testsuite> <!-- com.leafBot.testcases.TC003_CreateLead -->
